<?xml version="1.0" encoding="UTF-8" standalone="yes"?>
<testsuites name="jest tests" tests="7" failures="3" errors="0" time="6.287">
  <testsuite name="fb_version=2.0.8 os_distro=windows-server os_version=2022 arch=win32" errors="0" failures="3" skipped="4" tests="7" time="6.287" timestamp="2023-10-17T10:59:46">
    <properties name="fb_version" value="2.0.8"/>
    <properties name="os_distro" value="windows-server"/>
    <properties name="os_version" value="2022"/>
    <properties name="arch" value="win32"/>
    <testcase classname="Infrastructure Agent Fluent Bit features detects appending to a file" name="Infrastructure Agent Fluent Bit features detects appending to a file" time="0.002">
      <failure>Error: No value was for provided for environment variable 'ACCOUNT_ID'
    at requireEnvironmentVariable (C:\Windows\Temp\test-suite\lib\environmentVariables.js:4:11)
    at Object.requireEnvironmentVariable (C:\Windows\Temp\test-suite\fluent-bit-tests.test.js:123:23)
    at Promise.then.completed (C:\Windows\Temp\test-suite\node_modules\jest-circus\build\utils.js:298:28)
    at new Promise (&lt;anonymous&gt;)
    at callAsyncCircusFn (C:\Windows\Temp\test-suite\node_modules\jest-circus\build\utils.js:231:10)
    at _callCircusHook (C:\Windows\Temp\test-suite\node_modules\jest-circus\build\run.js:281:40)
    at _runTestsForDescribeBlock (C:\Windows\Temp\test-suite\node_modules\jest-circus\build\run.js:95:7)
    at _runTestsForDescribeBlock (C:\Windows\Temp\test-suite\node_modules\jest-circus\build\run.js:121:9)
    at run (C:\Windows\Temp\test-suite\node_modules\jest-circus\build\run.js:71:3)
    at runAndTransformResultsToJestFormat (C:\Windows\Temp\test-suite\node_modules\jest-circus\build\legacy-code-todo-rewrite\jestAdapterInit.js:122:21)
    at jestAdapter (C:\Windows\Temp\test-suite\node_modules\jest-circus\build\legacy-code-todo-rewrite\jestAdapter.js:79:19)
    at runTestInternal (C:\Windows\Temp\test-suite\node_modules\jest-runner\build\runTest.js:367:16)
    at runTest (C:\Windows\Temp\test-suite\node_modules\jest-runner\build\runTest.js:444:34)</failure>
    </testcase>
    <testcase classname="Infrastructure Agent Fluent Bit features detects writing to TCP port" name="Infrastructure Agent Fluent Bit features detects writing to TCP port" time="0">
      <skipped/>
    </testcase>
    <testcase classname="Infrastructure Agent Fluent Bit features detects writing to a TCP socket with a syslog RFC 5424 message" name="Infrastructure Agent Fluent Bit features detects writing to a TCP socket with a syslog RFC 5424 message" time="0">
      <skipped/>
    </testcase>
    <testcase classname="Infrastructure Agent Fluent Bit features detects writing to a UDP socket with a syslog RFC 5424 message" name="Infrastructure Agent Fluent Bit features detects writing to a UDP socket with a syslog RFC 5424 message" time="0">
      <skipped/>
    </testcase>
    <testcase classname="Infrastructure Agent Fluent Bit features detects a log message in systemd" name="Infrastructure Agent Fluent Bit features detects a log message in systemd" time="0">
      <skipped/>
    </testcase>
    <testcase classname="Infrastructure Agent Fluent Bit features detects a Windows event using &quot;winlog&quot; input plugin" name="Infrastructure Agent Fluent Bit features detects a Windows event using &quot;winlog&quot; input plugin" time="0">
      <failure>Error: No value was for provided for environment variable 'ACCOUNT_ID'
    at requireEnvironmentVariable (C:\Windows\Temp\test-suite\lib\environmentVariables.js:4:11)
    at Object.requireEnvironmentVariable (C:\Windows\Temp\test-suite\fluent-bit-tests.test.js:123:23)
    at Promise.then.completed (C:\Windows\Temp\test-suite\node_modules\jest-circus\build\utils.js:298:28)
    at new Promise (&lt;anonymous&gt;)
    at callAsyncCircusFn (C:\Windows\Temp\test-suite\node_modules\jest-circus\build\utils.js:231:10)
    at _callCircusHook (C:\Windows\Temp\test-suite\node_modules\jest-circus\build\run.js:281:40)
    at _runTestsForDescribeBlock (C:\Windows\Temp\test-suite\node_modules\jest-circus\build\run.js:95:7)
    at _runTestsForDescribeBlock (C:\Windows\Temp\test-suite\node_modules\jest-circus\build\run.js:121:9)
    at run (C:\Windows\Temp\test-suite\node_modules\jest-circus\build\run.js:71:3)
    at runAndTransformResultsToJestFormat (C:\Windows\Temp\test-suite\node_modules\jest-circus\build\legacy-code-todo-rewrite\jestAdapterInit.js:122:21)
    at jestAdapter (C:\Windows\Temp\test-suite\node_modules\jest-circus\build\legacy-code-todo-rewrite\jestAdapter.js:79:19)
    at runTestInternal (C:\Windows\Temp\test-suite\node_modules\jest-runner\build\runTest.js:367:16)
    at runTest (C:\Windows\Temp\test-suite\node_modules\jest-runner\build\runTest.js:444:34)</failure>
    </testcase>
    <testcase classname="Infrastructure Agent Fluent Bit features detects a Windows event using &quot;winevtlog&quot; input plugin" name="Infrastructure Agent Fluent Bit features detects a Windows event using &quot;winevtlog&quot; input plugin" time="0">
      <failure>Error: No value was for provided for environment variable 'ACCOUNT_ID'
    at requireEnvironmentVariable (C:\Windows\Temp\test-suite\lib\environmentVariables.js:4:11)
    at Object.requireEnvironmentVariable (C:\Windows\Temp\test-suite\fluent-bit-tests.test.js:123:23)
    at Promise.then.completed (C:\Windows\Temp\test-suite\node_modules\jest-circus\build\utils.js:298:28)
    at new Promise (&lt;anonymous&gt;)
    at callAsyncCircusFn (C:\Windows\Temp\test-suite\node_modules\jest-circus\build\utils.js:231:10)
    at _callCircusHook (C:\Windows\Temp\test-suite\node_modules\jest-circus\build\run.js:281:40)
    at _runTestsForDescribeBlock (C:\Windows\Temp\test-suite\node_modules\jest-circus\build\run.js:95:7)
    at _runTestsForDescribeBlock (C:\Windows\Temp\test-suite\node_modules\jest-circus\build\run.js:121:9)
    at run (C:\Windows\Temp\test-suite\node_modules\jest-circus\build\run.js:71:3)
    at runAndTransformResultsToJestFormat (C:\Windows\Temp\test-suite\node_modules\jest-circus\build\legacy-code-todo-rewrite\jestAdapterInit.js:122:21)
    at jestAdapter (C:\Windows\Temp\test-suite\node_modules\jest-circus\build\legacy-code-todo-rewrite\jestAdapter.js:79:19)
    at runTestInternal (C:\Windows\Temp\test-suite\node_modules\jest-runner\build\runTest.js:367:16)
    at runTest (C:\Windows\Temp\test-suite\node_modules\jest-runner\build\runTest.js:444:34)</failure>
    </testcase>
  </testsuite>
</testsuites>