<?xml version="1.0" encoding="UTF-8" standalone="yes"?>
<testsuites name="jest tests" tests="7" failures="0" errors="0" time="27.111">
  <testsuite name="fb_version=2.0.8 os_distro=centos os_version=8 arch=aarch64" errors="0" failures="0" skipped="2" tests="7" time="27.111" timestamp="2023-10-13T15:28:08">
    <properties name="fb_version" value="2.0.8"/>
    <properties name="os_distro" value="centos"/>
    <properties name="os_version" value="8"/>
    <properties name="arch" value="aarch64"/>
    <testcase classname="Infrastructure Agent Fluent Bit features detects appending to a file" name="Infrastructure Agent Fluent Bit features detects appending to a file" time="5.331"/>
    <testcase classname="Infrastructure Agent Fluent Bit features detects writing to TCP port" name="Infrastructure Agent Fluent Bit features detects writing to TCP port" time="5.296"/>
    <testcase classname="Infrastructure Agent Fluent Bit features detects writing to a TCP socket with a syslog RFC 5424 message" name="Infrastructure Agent Fluent Bit features detects writing to a TCP socket with a syslog RFC 5424 message" time="5.27"/>
    <testcase classname="Infrastructure Agent Fluent Bit features detects writing to a UDP socket with a syslog RFC 5424 message" name="Infrastructure Agent Fluent Bit features detects writing to a UDP socket with a syslog RFC 5424 message" time="5.339"/>
    <testcase classname="Infrastructure Agent Fluent Bit features detects a log message in systemd" name="Infrastructure Agent Fluent Bit features detects a log message in systemd" time="5.524"/>
    <testcase classname="Infrastructure Agent Fluent Bit features detects a Windows event using &quot;winlog&quot; input plugin" name="Infrastructure Agent Fluent Bit features detects a Windows event using &quot;winlog&quot; input plugin" time="0">
      <skipped/>
    </testcase>
    <testcase classname="Infrastructure Agent Fluent Bit features detects a Windows event using &quot;winevtlog&quot; input plugin" name="Infrastructure Agent Fluent Bit features detects a Windows event using &quot;winevtlog&quot; input plugin" time="0">
      <skipped/>
    </testcase>
  </testsuite>
</testsuites>